Пусть:
Минимальное расстояние между точками eps = 1
Минимальный размер кластера min_sz = 2
Изначально все 20 точки считаются шумом.
Начнем поиск 0-ого кластера:
Возьмем случайную точку из непосещенных и отметим ее посещенной: x11 = [ 1.16748 -1.08313]
euclid([1.84071 3.56162], [ 1.16748 -1.08313]) = 4.69329 > 1
euclid([ 1.00671 -0.52235], [ 1.16748 -1.08313]) = 0.58337 <= 1
euclid([1.28934 3.44969], [ 1.16748 -1.08313]) = 4.53446 > 1
euclid([1.92636 4.15243], [ 1.16748 -1.08313]) = 5.29028 > 1
euclid([2.84383 3.32651], [ 1.16748 -1.08313]) = 4.71753 > 1
euclid([1.42013 4.63746], [ 1.16748 -1.08313]) = 5.72617 > 1
euclid([0.87305 4.71439], [ 1.16748 -1.08313]) = 5.80499 > 1
euclid([2.21021 1.27583], [ 1.16748 -1.08313]) = 2.57914 > 1
euclid([ 4.32502 -0.5567 ], [ 1.16748 -1.08313]) = 3.20112 > 1
euclid([-1.57672  4.95741], [ 1.16748 -1.08313]) = 6.63466 > 1
euclid([2.10103 0.71048], [ 1.16748 -1.08313]) = 2.02202 > 1
euclid([ 1.16748 -1.08313], [ 1.16748 -1.08313]) = 0.0 <= 1
euclid([3.58805 2.36702], [ 1.16748 -1.08313]) = 4.21458 > 1
euclid([1.12031 5.75806], [ 1.16748 -1.08313]) = 6.84136 > 1
euclid([1.66794 0.59536], [ 1.16748 -1.08313]) = 1.75151 > 1
euclid([3.28556 2.10004], [ 1.16748 -1.08313]) = 3.82346 > 1
euclid([1.70736 1.05401], [ 1.16748 -1.08313]) = 2.20428 > 1
euclid([0.349   2.84844], [ 1.16748 -1.08313]) = 4.01587 > 1
euclid([2.47035 4.09863], [ 1.16748 -1.08313]) = 5.34304 > 1
euclid([1.73731 4.42546], [ 1.16748 -1.08313]) = 5.53799 > 1
В радиусе 1 найдено 2 точек:
Это больше минимального размера кластера (2). Значит считаем точку корневой и попробуем расширить кластер 0
Возьмем точку из текущего кластера x1 = [ 1.00671 -0.52235] к кластеру и посмотрим достаточно ли точек в ее окрестности чтобы она стала корневой
Точек в окрестности достаточно (2 >= 2), значит расширяем кластер ее соседями
Теперь кластер 0 состоит из 2 точек
обход в окрестности завершен, перейдем к следующему кластеру
Начнем поиск 1-ого кластера:
Возьмем случайную точку из непосещенных и отметим ее посещенной: x13 = [1.12031 5.75806]
В радиусе 1 найдено 1 точек:
Кол-во соседей меньше минимального размера, значит это не корневая точка.
Начнем поиск 1-ого кластера:
Возьмем случайную точку из непосещенных и отметим ее посещенной: x10 = [2.10103 0.71048]
В радиусе 1 найдено 4 точек:
Это больше минимального размера кластера (2). Значит считаем точку корневой и попробуем расширить кластер 1
Возьмем точку из текущего кластера x7 = [2.21021 1.27583] к кластеру и посмотрим достаточно ли точек в ее окрестности чтобы она стала корневой
Точек в окрестности достаточно (4 >= 2), значит расширяем кластер ее соседями
Теперь кластер 1 состоит из 4 точек
Возьмем точку из текущего кластера x14 = [1.66794 0.59536] к кластеру и посмотрим достаточно ли точек в ее окрестности чтобы она стала корневой
Точек в окрестности достаточно (4 >= 2), значит расширяем кластер ее соседями
Теперь кластер 1 состоит из 4 точек
Возьмем точку из текущего кластера x16 = [1.70736 1.05401] к кластеру и посмотрим достаточно ли точек в ее окрестности чтобы она стала корневой
Точек в окрестности достаточно (4 >= 2), значит расширяем кластер ее соседями
Теперь кластер 1 состоит из 4 точек
обход в окрестности завершен, перейдем к следующему кластеру
Начнем поиск 2-ого кластера:
Возьмем случайную точку из непосещенных и отметим ее посещенной: x2 = [1.28934 3.44969]
В радиусе 1 найдено 3 точек:
Это больше минимального размера кластера (2). Значит считаем точку корневой и попробуем расширить кластер 2
Возьмем точку из текущего кластера x0 = [1.84071 3.56162] к кластеру и посмотрим достаточно ли точек в ее окрестности чтобы она стала корневой
Точек в окрестности достаточно (5 >= 2), значит расширяем кластер ее соседями
Теперь кластер 2 состоит из 5 точек
Возьмем точку из текущего кластера x3 = [1.92636 4.15243] к кластеру и посмотрим достаточно ли точек в ее окрестности чтобы она стала корневой
Точек в окрестности достаточно (6 >= 2), значит расширяем кластер ее соседями
Теперь кластер 2 состоит из 6 точек
Возьмем точку из текущего кластера x5 = [1.42013 4.63746] к кластеру и посмотрим достаточно ли точек в ее окрестности чтобы она стала корневой
Точек в окрестности достаточно (4 >= 2), значит расширяем кластер ее соседями
Теперь кластер 2 состоит из 7 точек
Возьмем точку из текущего кластера x6 = [0.87305 4.71439] к кластеру и посмотрим достаточно ли точек в ее окрестности чтобы она стала корневой
Точек в окрестности достаточно (3 >= 2), значит расширяем кластер ее соседями
Теперь кластер 2 состоит из 7 точек
Возьмем точку из текущего кластера x18 = [2.47035 4.09863] к кластеру и посмотрим достаточно ли точек в ее окрестности чтобы она стала корневой
Точек в окрестности достаточно (5 >= 2), значит расширяем кластер ее соседями
Теперь кластер 2 состоит из 8 точек
Возьмем точку из текущего кластера x4 = [2.84383 3.32651] к кластеру и посмотрим достаточно ли точек в ее окрестности чтобы она стала корневой
Точек в окрестности достаточно (2 >= 2), значит расширяем кластер ее соседями
Теперь кластер 2 состоит из 8 точек
Возьмем точку из текущего кластера x19 = [1.73731 4.42546] к кластеру и посмотрим достаточно ли точек в ее окрестности чтобы она стала корневой
Точек в окрестности достаточно (6 >= 2), значит расширяем кластер ее соседями
Теперь кластер 2 состоит из 8 точек
обход в окрестности завершен, перейдем к следующему кластеру
Начнем поиск 3-ого кластера:
Возьмем случайную точку из непосещенных и отметим ее посещенной: x9 = [-1.57672  4.95741]
В радиусе 1 найдено 1 точек:
Кол-во соседей меньше минимального размера, значит это не корневая точка.
Начнем поиск 3-ого кластера:
Возьмем случайную точку из непосещенных и отметим ее посещенной: x17 = [0.349   2.84844]
В радиусе 1 найдено 1 точек:
Кол-во соседей меньше минимального размера, значит это не корневая точка.
Начнем поиск 3-ого кластера:
Возьмем случайную точку из непосещенных и отметим ее посещенной: x15 = [3.28556 2.10004]
В радиусе 1 найдено 2 точек:
Это больше минимального размера кластера (2). Значит считаем точку корневой и попробуем расширить кластер 3
Возьмем точку из текущего кластера x12 = [3.58805 2.36702] к кластеру и посмотрим достаточно ли точек в ее окрестности чтобы она стала корневой
Точек в окрестности достаточно (2 >= 2), значит расширяем кластер ее соседями
Теперь кластер 3 состоит из 2 точек
обход в окрестности завершен, перейдем к следующему кластеру
Начнем поиск 4-ого кластера:
Возьмем случайную точку из непосещенных и отметим ее посещенной: x8 = [ 4.32502 -0.5567 ]
В радиусе 1 найдено 1 точек:
Кол-во соседей меньше минимального размера, значит это не корневая точка.
