Пусть граф состоит из точек: [[-8.83748  9.40308]
 [-7.12371 10.2791 ]
 [-6.68771  9.11865]
 [-6.44267 10.83751]
 [-6.57387 11.12001]
 [-6.62236  9.35707]
 [-7.72929  8.32248]
 [-9.01733  8.71704]
 [-5.19131  9.25411]
 [-7.33621  8.63436]]
Пусть начальная точка: [-9.01733  8.71704]
Все точки могут быть соединены. Веса границ - евклидово расстояние.
euclid([-8.83748  9.40308], [-9.01733  8.71704]) = 0.70922
euclid([-7.12371 10.2791 ], [-9.01733  8.71704]) = 2.45475
euclid([-6.68771  9.11865], [-9.01733  8.71704]) = 2.36399
euclid([-6.44267 10.83751], [-9.01733  8.71704]) = 3.33546
euclid([-6.57387 11.12001], [-9.01733  8.71704]) = 3.42706
euclid([-6.62236  9.35707], [-9.01733  8.71704]) = 2.47902
euclid([-7.72929  8.32248], [-9.01733  8.71704]) = 1.34712
euclid([-5.19131  9.25411], [-9.01733  8.71704]) = 3.86354
euclid([-7.33621  8.63436], [-9.01733  8.71704]) = 1.68315
Наиблизжайшая точка - [-8.83748496  9.40307933]. перейдем в нее и продолжим обход.
euclid([-7.12371 10.2791 ], [-8.83748  9.40308]) = 1.92469
euclid([-6.68771  9.11865], [-8.83748  9.40308]) = 2.16851
euclid([-6.44267 10.83751], [-8.83748  9.40308]) = 2.79155
euclid([-6.57387 11.12001], [-8.83748  9.40308]) = 2.84109
euclid([-6.62236  9.35707], [-8.83748  9.40308]) = 2.2156
euclid([-7.72929  8.32248], [-8.83748  9.40308]) = 1.54784
euclid([-5.19131  9.25411], [-8.83748  9.40308]) = 3.64922
euclid([-7.33621  8.63436], [-8.83748  9.40308]) = 1.68664
Наиблизжайшая точка - [-7.7292853   8.32247915]. перейдем в нее и продолжим обход.
euclid([-7.12371 10.2791 ], [-7.72929  8.32248]) = 2.04819
euclid([-6.68771  9.11865], [-7.72929  8.32248]) = 1.31102
euclid([-6.44267 10.83751], [-7.72929  8.32248]) = 2.82503
euclid([-6.57387 11.12001], [-7.72929  8.32248]) = 3.02674
euclid([-6.62236  9.35707], [-7.72929  8.32248]) = 1.51514
euclid([-5.19131  9.25411], [-7.72929  8.32248]) = 2.70357
euclid([-7.33621  8.63436], [-7.72929  8.32248]) = 0.50177
Наиблизжайшая точка - [-7.33621088  8.63435943]. перейдем в нее и продолжим обход.
euclid([-7.12371 10.2791 ], [-7.33621  8.63436]) = 1.65841
euclid([-6.68771  9.11865], [-7.33621  8.63436]) = 0.80938
euclid([-6.44267 10.83751], [-7.33621  8.63436]) = 2.37746
euclid([-6.57387 11.12001], [-7.33621  8.63436]) = 2.59993
euclid([-6.62236  9.35707], [-7.33621  8.63436]) = 1.01582
euclid([-5.19131  9.25411], [-7.33621  8.63436]) = 2.23264
Наиблизжайшая точка - [-6.68770542  9.11865116]. перейдем в нее и продолжим обход.
euclid([-7.12371 10.2791 ], [-6.68771  9.11865]) = 1.23965
euclid([-6.44267 10.83751], [-6.68771  9.11865]) = 1.73624
euclid([-6.57387 11.12001], [-6.68771  9.11865]) = 2.0046
euclid([-6.62236  9.35707], [-6.68771  9.11865]) = 0.24721
euclid([-5.19131  9.25411], [-6.68771  9.11865]) = 1.50252
Наиблизжайшая точка - [-6.62235863  9.35706944]. перейдем в нее и продолжим обход.
euclid([-7.12371 10.2791 ], [-6.62236  9.35707]) = 1.04952
euclid([-6.44267 10.83751], [-6.62236  9.35707]) = 1.49131
euclid([-6.57387 11.12001], [-6.62236  9.35707]) = 1.76361
euclid([-5.19131  9.25411], [-6.62236  9.35707]) = 1.43475
Наиблизжайшая точка - [-7.1237108  10.27909602]. перейдем в нее и продолжим обход.
euclid([-6.44267 10.83751], [-7.12371 10.2791 ]) = 0.88071
euclid([-6.57387 11.12001], [-7.12371 10.2791 ]) = 1.00472
euclid([-5.19131  9.25411], [-7.12371 10.2791 ]) = 2.18742
Наиблизжайшая точка - [-6.44266527 10.83751141]. перейдем в нее и продолжим обход.
euclid([-6.57387 11.12001], [-6.44267 10.83751]) = 0.31148
euclid([-5.19131  9.25411], [-6.44267 10.83751]) = 2.01818
Наиблизжайшая точка - [-6.57386886 11.12001155]. перейдем в нее и продолжим обход.
euclid([-5.19131  9.25411], [-6.57387 11.12001]) = 2.3223
Наиблизжайшая точка - [-5.19130605  9.2541069 ]. перейдем в нее и продолжим обход.
